#
# A fatal error has been detected by the Java Runtime Environment:
#
#  EXCEPTION_ACCESS_VIOLATION (0xc0000005) at pc=0x00000000524df388, pid=15520, tid=0x00000000000037b8
#
# JRE version: OpenJDK Runtime Environment (8.0_152-b01) (build 1.8.0_152-release-1343-b01)
# Java VM: OpenJDK 64-Bit Server VM (25.152-b01 mixed mode windows-amd64 compressed oops)
# Problematic frame:
# V  [jvm.dll+0xef388]
#
# Failed to write core dump. Minidumps are not enabled by default on client versions of Windows
#
# If you would like to submit a bug report, please visit:
#   http://bugreport.java.com/bugreport/crash.jsp
#

---------------  T H R E A D  ---------------

Current thread (0x00000000026df000):  GCTaskThread [stack: 0x00000000122f0000,0x00000000123f0000] [id=14264]

siginfo: ExceptionCode=0xc0000005, reading address 0xffffffffffffffff

Registers:
RAX=0x00000000126f0000, RBX=0x000000008ab7ad00, RCX=0x0000000000000000, RDX=0x0000000000000020
RSP=0x00000000123ef380, RBP=0x00000000c2ee5340, RSI=0x0000000015234010, RDI=0x0000000015234010
R8 =0x007fffffffe55bd6, R9 =0x00000001000087b8, R10=0x000000000000000c, R11=0x00000000529b8888
R12=0x00000000c2ee5360, R13=0x0000000100008bf8, R14=0x0000000100008c00, R15=0x00000000c2ee5308
RIP=0x00000000524df388, EFLAGS=0x0000000000010202

Top of Stack: (sp=0x00000000123ef380)
0x00000000123ef380:   00000001000087b8 00000000c2ee5254
0x00000000123ef390:   000000000000000b 00000000525e5fd2
0x00000000123ef3a0:   0000000000000000 00000000000003d8
0x00000000123ef3b0:   00000000026df8c8 00000000026ced30
0x00000000123ef3c0:   00000000000012f5 00000000527b3de0
0x00000000123ef3d0:   00000000160de7e8 0000000015165720
0x00000000123ef3e0:   0000000015234010 00000000026df4f0
0x00000000123ef3f0:   000007050000104b 0000000000000c00
0x00000000123ef400:   0000000000000000 0000000000000000
0x00000000123ef410:   0000000000000000 0000000026b24800
0x00000000123ef420:   0000000000000001 0000572100001701
0x00000000123ef430:   000034f315f51b1b 00000000026df8c8
0x00000000123ef440:   00000000026df4f0 00000000000003d8
0x00000000123ef450:   00000000026df4f0 00000000026ced30
0x00000000123ef460:   00000000026df4e0 0000000015165720
0x00000000123ef470:   0000000015234010 00000000527b0e43 

Instructions: (pc=0x00000000524df388)
0x00000000524df368:   05 33 67 6d 00 49 c1 e8 03 49 d3 e8 41 0f b6 c0
0x00000000524df378:   49 c1 e8 06 24 3f 0f b6 d0 48 8b 05 48 67 6d 00
0x00000000524df388:   4a 8b 0c c0 48 0f a3 d1 0f 82 59 01 00 00 0f b6
0x00000000524df398:   15 64 c6 6c 00 84 d2 74 16 44 8b 43 08 8b 0d ad 


Register to memory mapping:

RAX=0x00000000126f0000 is an unknown value
RBX=0x000000008ab7ad00 is an unknown value
RCX=0x0000000000000000 is an unknown value
RDX=0x0000000000000020 is an unknown value
RSP=0x00000000123ef380 is an unknown value
RBP=0x00000000c2ee5340 is pointing into object: 0x00000000c2ee5308
java.lang.reflect.Method 
 - klass: 'java/lang/reflect/Method'
RSI=0x0000000015234010 is an unknown value
RDI=0x0000000015234010 is an unknown value
R8 =0x007fffffffe55bd6 is an unknown value
R9 =0x00000001000087b8 is pointing into metadata
R10=0x000000000000000c is an unknown value
R11=0x00000000529b8888 is an unknown value
R12=0x00000000c2ee5360 is an oop
org.codehaus.groovy.reflection.CachedMethod 
 - klass: 'org/codehaus/groovy/reflection/CachedMethod'
R13=0x0000000100008bf8 is pointing into metadata
R14=0x0000000100008c00 is pointing into metadata
R15=0x00000000c2ee5308 is an oop
java.lang.reflect.Method 
 - klass: 'java/lang/reflect/Method'


Stack: [0x00000000122f0000,0x00000000123f0000],  sp=0x00000000123ef380,  free space=1020k
Native frames: (J=compiled Java code, j=interpreted, Vv=VM code, C=native code)
V  [jvm.dll+0xef388]
V  [jvm.dll+0x3c3de0]
V  [jvm.dll+0x3c0e43]
V  [jvm.dll+0x3bec9e]
V  [jvm.dll+0x26d9aa]
C  [msvcr100.dll+0x21d9f]
C  [msvcr100.dll+0x21e3b]
C  [KERNEL32.DLL+0x17bd4]
C  [ntdll.dll+0x6ce71]


---------------  P R O C E S S  ---------------

Java Threads: ( => current thread )
  0x000000001a94d800 JavaThread "Cache worker for Build Output Cleanup Cache (D:\edu\eights\internet eng\SmartHome\android\.gradle\buildOutputCleanup)" [_thread_blocked, id=17296, stack(0x0000000028820000,0x0000000028920000)]
  0x000000001fb49800 JavaThread "Cache worker for task history cache (D:\edu\eights\internet eng\SmartHome\android\.gradle\4.10.1\taskHistory)" [_thread_blocked, id=16832, stack(0x0000000028620000,0x0000000028720000)]
  0x000000001fb4d000 JavaThread "Task worker for ':' Thread 7" [_thread_blocked, id=2600, stack(0x0000000028520000,0x0000000028620000)]
  0x000000001fb4c800 JavaThread "Task worker for ':' Thread 6" [_thread_blocked, id=17592, stack(0x0000000028420000,0x0000000028520000)]
  0x000000001fb4e000 JavaThread "Task worker for ':' Thread 5" [_thread_blocked, id=2032, stack(0x0000000028320000,0x0000000028420000)]
  0x000000001fb42000 JavaThread "Task worker for ':' Thread 4" [_thread_blocked, id=12700, stack(0x0000000028220000,0x0000000028320000)]
  0x000000001fb45000 JavaThread "Task worker for ':' Thread 3" [_thread_blocked, id=10028, stack(0x0000000028120000,0x0000000028220000)]
  0x0000000026b26800 JavaThread "Task worker for ':' Thread 2" [_thread_blocked, id=8200, stack(0x0000000028020000,0x0000000028120000)]
  0x0000000026b24800 JavaThread "Task worker for ':'" [_thread_blocked, id=11816, stack(0x0000000027f20000,0x0000000028020000)]
  0x0000000026b1d000 JavaThread "Build operations Thread 8" [_thread_blocked, id=18228, stack(0x0000000023520000,0x0000000023620000)]
  0x0000000026b23800 JavaThread "Build operations Thread 7" [_thread_blocked, id=14504, stack(0x0000000021b30000,0x0000000021c30000)]
  0x0000000026b1d800 JavaThread "Build operations Thread 6" [_thread_blocked, id=16328, stack(0x0000000021a30000,0x0000000021b30000)]
  0x0000000026b23000 JavaThread "Build operations Thread 5" [_thread_blocked, id=17104, stack(0x0000000021930000,0x0000000021a30000)]
  0x0000000026b22000 JavaThread "Build operations Thread 4" [_thread_blocked, id=15320, stack(0x0000000021830000,0x0000000021930000)]
  0x0000000026b21800 JavaThread "Build operations Thread 3" [_thread_blocked, id=17260, stack(0x0000000021730000,0x0000000021830000)]
  0x0000000026b20000 JavaThread "Build operations Thread 2" [_thread_blocked, id=9548, stack(0x0000000021310000,0x0000000021410000)]
  0x0000000026b1a800 JavaThread "Build operations" [_thread_blocked, id=18412, stack(0x0000000021210000,0x0000000021310000)]
  0x0000000026b1c000 JavaThread "Cache worker for cache directory md-rule (C:\Users\nima\.gradle\caches\4.10.1\md-rule)" [_thread_blocked, id=17940, stack(0x0000000021110000,0x0000000021210000)]
  0x0000000026b19000 JavaThread "Cache worker for cache directory md-supplier (C:\Users\nima\.gradle\caches\4.10.1\md-supplier)" [_thread_blocked, id=6996, stack(0x000000001e820000,0x000000001e920000)]
  0x0000000026b18800 JavaThread "Cache worker for file hash cache (D:\edu\eights\internet eng\SmartHome\android\.gradle\4.10.1\fileHashes)" [_thread_blocked, id=17088, stack(0x000000001e070000,0x000000001e170000)]
  0x0000000026b1f000 JavaThread "Stdin handler" [_thread_blocked, id=488, stack(0x000000001bcd0000,0x000000001bdd0000)]
  0x000000001bf74800 JavaThread "Asynchronous log dispatcher for DefaultDaemonConnection: socket connection from /127.0.0.1:62710 to /127.0.0.1:65213" [_thread_blocked, id=18312, stack(0x000000001a300000,0x000000001a400000)]
  0x000000001bf77000 JavaThread "Daemon worker Thread 5" [_thread_blocked, id=18052, stack(0x000000001a200000,0x000000001a300000)]
  0x000000001bf74000 JavaThread "Cancel handler" [_thread_blocked, id=6664, stack(0x000000001a100000,0x000000001a200000)]
  0x000000001bf76000 JavaThread "Handler for socket connection from /127.0.0.1:62710 to /127.0.0.1:65213" [_thread_in_native, id=248, stack(0x000000001a000000,0x000000001a100000)]
  0x000000001bf73000 JavaThread "Daemon Thread 5" [_thread_blocked, id=15552, stack(0x0000000000b20000,0x0000000000c20000)]
  0x000000001fb4e800 JavaThread "Cache worker for Java compile cache (C:\Users\nima\.gradle\caches\4.10.1\javaCompile)" [_thread_blocked, id=16996, stack(0x0000000028720000,0x0000000028820000)]
  0x0000000026b26000 JavaThread "Cache worker for file content cache (C:\Users\nima\.gradle\caches\4.10.1\fileContent)" [_thread_blocked, id=6396, stack(0x0000000024f70000,0x0000000025070000)]
  0x000000001bf75800 JavaThread "Memory manager" [_thread_blocked, id=3452, stack(0x0000000022530000,0x0000000022630000)]
  0x000000001bf72800 JavaThread "pool-1-thread-1" [_thread_blocked, id=2272, stack(0x0000000022030000,0x0000000022130000)]
  0x000000001a94e800 JavaThread "Cache worker for Artifact transforms cache (C:\Users\nima\.gradle\caches\transforms-1)" [_thread_blocked, id=16932, stack(0x0000000021430000,0x0000000021530000)]
  0x000000001a950800 JavaThread "Cache worker for journal cache (C:\Users\nima\.gradle\caches\journal-1)" [_thread_blocked, id=14360, stack(0x000000001cda0000,0x000000001cea0000)]
  0x000000001975d800 JavaThread "File lock request listener" [_thread_in_native, id=10932, stack(0x000000001bbd0000,0x000000001bcd0000)]
  0x000000001975c800 JavaThread "Cache worker for file hash cache (C:\Users\nima\.gradle\caches\4.10.1\fileHashes)" [_thread_blocked, id=10284, stack(0x000000001bad0000,0x000000001bbd0000)]
  0x0000000019109000 JavaThread "Daemon periodic checks" [_thread_blocked, id=16128, stack(0x0000000019f00000,0x000000001a000000)]
  0x0000000019105000 JavaThread "Incoming local TCP Connector on port 62710" [_thread_in_native, id=16600, stack(0x0000000019cc0000,0x0000000019dc0000)]
  0x0000000017209000 JavaThread "Service Thread" daemon [_thread_blocked, id=4728, stack(0x0000000017db0000,0x0000000017eb0000)]
  0x00000000171ee800 JavaThread "C1 CompilerThread3" daemon [_thread_blocked, id=13436, stack(0x0000000017cb0000,0x0000000017db0000)]
  0x00000000171e2000 JavaThread "C2 CompilerThread2" daemon [_thread_blocked, id=14068, stack(0x0000000017bb0000,0x0000000017cb0000)]
  0x00000000171df000 JavaThread "C2 CompilerThread1" daemon [_thread_in_native, id=2320, stack(0x0000000017ab0000,0x0000000017bb0000)]
  0x00000000171d9800 JavaThread "C2 CompilerThread0" daemon [_thread_in_native, id=11068, stack(0x00000000179b0000,0x0000000017ab0000)]
  0x00000000171d8800 JavaThread "Attach Listener" daemon [_thread_blocked, id=900, stack(0x00000000178b0000,0x00000000179b0000)]
  0x00000000152ee800 JavaThread "Signal Dispatcher" daemon [_thread_blocked, id=11260, stack(0x00000000177b0000,0x00000000178b0000)]
  0x00000000027be800 JavaThread "Finalizer" daemon [_thread_blocked, id=15204, stack(0x00000000175b0000,0x00000000176b0000)]
  0x00000000027b5000 JavaThread "Reference Handler" daemon [_thread_blocked, id=17080, stack(0x00000000170b0000,0x00000000171b0000)]
  0x00000000026c2800 JavaThread "main" [_thread_blocked, id=10560, stack(0x0000000002540000,0x0000000002640000)]

Other Threads:
  0x00000000152d8800 VMThread [stack: 0x0000000016fb0000,0x00000000170b0000] [id=14168]
  0x0000000017209800 WatcherThread [stack: 0x0000000017eb0000,0x0000000017fb0000] [id=14328]

=>0x00000000026df000 (exited) GCTaskThread [stack: 0x00000000122f0000,0x00000000123f0000] [id=14264]

VM state:at safepoint (normal execution)

VM Mutex/Monitor currently owned by a thread:  ([mutex/lock_event])
[0x0000000000d8e360] Threads_lock - owner thread: 0x00000000152d8800
[0x0000000000d8e160] Heap_lock - owner thread: 0x00000000171ee800
[0x00000000026c0650] MethodData_lock - owner thread: 0x00000000171ee800

Heap:
 PSYoungGen      total 254464K, used 43464K [0x00000000eab00000, 0x00000000ffb80000, 0x0000000100000000)
  eden space 188416K, 0% used [0x00000000eab00000,0x00000000eab00000,0x00000000f6300000)
  from space 66048K, 65% used [0x00000000f6300000,0x00000000f8d72218,0x00000000fa380000)
  to   space 67072K, 0% used [0x00000000fba00000,0x00000000fba00000,0x00000000ffb80000)
 ParOldGen       total 189952K, used 90234K [0x00000000c0000000, 0x00000000cb980000, 0x00000000eab00000)
  object space 189952K, 47% used [0x00000000c0000000,0x00000000c581e9c8,0x00000000cb980000)
 Metaspace       used 92972K, capacity 98540K, committed 98560K, reserved 1134592K
  class space    used 11797K, capacity 13165K, committed 13184K, reserved 1048576K

Card table byte_map: [0x0000000011b80000,0x0000000011d90000] byte_map_base: 0x0000000011580000

Marking Bits: (ParMarkBitMap*) 0x0000000052bb5aa0
 Begin Bits: [0x00000000126f0000, 0x00000000136f0000)
 End Bits:   [0x00000000136f0000, 0x00000000146f0000)

Polling page: 0x0000000000ce0000

CodeCache: size=245760Kb used=66661Kb max_used=66661Kb free=179098Kb
 bounds [0x00000000027c0000, 0x0000000006960000, 0x00000000117c0000]
 total_blobs=18872 nmethods=18000 adapters=784
 compilation: enabled

Compilation events (10 events):
Event: 3466.771 Thread 0x00000000171ee800 nmethod 22809 0x0000000003e35790 code [0x0000000003e358e0, 0x0000000003e359f0]
Event: 3466.799 Thread 0x00000000171ee800 22812       3       com.android.tools.analytics.CommonMetricsData::getGarbageCollectionStats (205 bytes)
Event: 3466.803 Thread 0x00000000171ee800 nmethod 22812 0x0000000003dd0310 code [0x0000000003dd0840, 0x0000000003dd42c8]
Event: 3466.803 Thread 0x00000000171ee800 22813       3       com.android.tools.analytics.HostData::getGarbageCollectorBeans (18 bytes)
Event: 3466.804 Thread 0x00000000171ee800 nmethod 22813 0x0000000003fa1610 code [0x0000000003fa17a0, 0x0000000003fa1c78]
Event: 3466.804 Thread 0x00000000171ee800 22814       3       com.google.wireless.android.sdk.stats.JavaProcessStats$Builder::addAllGarbageCollectionStats (37 bytes)
Event: 3466.805 Thread 0x00000000171ee800 nmethod 22814 0x0000000003e95610 code [0x0000000003e957c0, 0x0000000003e95cd8]
Event: 3466.805 Thread 0x00000000171ee800 22815       3       com.google.wireless.android.sdk.stats.JavaProcessStats$Builder::ensureGarbageCollectionStatsIsMutable (39 bytes)
Event: 3466.805 Thread 0x00000000171ee800 nmethod 22815 0x0000000003e95190 code [0x0000000003e95300, 0x0000000003e95548]
Event: 3466.805 Thread 0x00000000171ee800 22817       3       com.google.wireless.android.sdk.stats.JavaProcessStats$Builder::buildPartial (177 bytes)

GC Heap History (10 events):
Event: 3068.883 GC heap after
Heap after GC invocations=24 (full 3):
 PSYoungGen      total 251904K, used 46710K [0x00000000eab00000, 0x00000000ff300000, 0x0000000100000000)
  eden space 204800K, 0% used [0x00000000eab00000,0x00000000eab00000,0x00000000f7300000)
  from space 47104K, 99% used [0x00000000f7900000,0x00000000fa69db00,0x00000000fa700000)
  to   space 65536K, 0% used [0x00000000fb300000,0x00000000fb300000,0x00000000ff300000)
 ParOldGen       total 189952K, used 90202K [0x00000000c0000000, 0x00000000cb980000, 0x00000000eab00000)
  object space 189952K, 47% used [0x00000000c0000000,0x00000000c58169c8,0x00000000cb980000)
 Metaspace       used 91263K, capacity 96454K, committed 96640K, reserved 1132544K
  class space    used 11649K, capacity 12900K, committed 12928K, reserved 1048576K
}
Event: 3089.135 GC heap before
{Heap before GC invocations=25 (full 3):
 PSYoungGen      total 251904K, used 251510K [0x00000000eab00000, 0x00000000ff300000, 0x0000000100000000)
  eden space 204800K, 100% used [0x00000000eab00000,0x00000000f7300000,0x00000000f7300000)
  from space 47104K, 99% used [0x00000000f7900000,0x00000000fa69db00,0x00000000fa700000)
  to   space 65536K, 0% used [0x00000000fb300000,0x00000000fb300000,0x00000000ff300000)
 ParOldGen       total 189952K, used 90202K [0x00000000c0000000, 0x00000000cb980000, 0x00000000eab00000)
  object space 189952K, 47% used [0x00000000c0000000,0x00000000c58169c8,0x00000000cb980000)
 Metaspace       used 92039K, capacity 97446K, committed 97536K, reserved 1134592K
  class space    used 11699K, capacity 12999K, committed 13056K, reserved 1048576K
Event: 3089.164 GC heap after
Heap after GC invocations=25 (full 3):
 PSYoungGen      total 257024K, used 35996K [0x00000000eab00000, 0x00000000feb80000, 0x0000000100000000)
  eden space 199168K, 0% used [0x00000000eab00000,0x00000000eab00000,0x00000000f6d80000)
  from space 57856K, 62% used [0x00000000fb300000,0x00000000fd627108,0x00000000feb80000)
  to   space 64512K, 0% used [0x00000000f6d80000,0x00000000f6d80000,0x00000000fac80000)
 ParOldGen       total 189952K, used 90210K [0x00000000c0000000, 0x00000000cb980000, 0x00000000eab00000)
  object space 189952K, 47% used [0x00000000c0000000,0x00000000c58189c8,0x00000000cb980000)
 Metaspace       used 92039K, capacity 97446K, committed 97536K, reserved 1134592K
  class space    used 11699K, capacity 12999K, committed 13056K, reserved 1048576K
}
Event: 3452.974 GC heap before
{Heap before GC invocations=26 (full 3):
 PSYoungGen      total 257024K, used 235164K [0x00000000eab00000, 0x00000000feb80000, 0x0000000100000000)
  eden space 199168K, 100% used [0x00000000eab00000,0x00000000f6d80000,0x00000000f6d80000)
  from space 57856K, 62% used [0x00000000fb300000,0x00000000fd627108,0x00000000feb80000)
  to   space 64512K, 0% used [0x00000000f6d80000,0x00000000f6d80000,0x00000000fac80000)
 ParOldGen       total 189952K, used 90210K [0x00000000c0000000, 0x00000000cb980000, 0x00000000eab00000)
  object space 189952K, 47% used [0x00000000c0000000,0x00000000c58189c8,0x00000000cb980000)
 Metaspace       used 92507K, capacity 97962K, committed 98176K, reserved 1134592K
  class space    used 11749K, capacity 13074K, committed 13184K, reserved 1048576K
Event: 3453.028 GC heap after
Heap after GC invocations=26 (full 3):
 PSYoungGen      total 236032K, used 42036K [0x00000000eab00000, 0x00000000fe800000, 0x0000000100000000)
  eden space 193536K, 0% used [0x00000000eab00000,0x00000000eab00000,0x00000000f6800000)
  from space 42496K, 98% used [0x00000000f6d80000,0x00000000f968d190,0x00000000f9700000)
  to   space 65536K, 0% used [0x00000000fa800000,0x00000000fa800000,0x00000000fe800000)
 ParOldGen       total 189952K, used 90218K [0x00000000c0000000, 0x00000000cb980000, 0x00000000eab00000)
  object space 189952K, 47% used [0x00000000c0000000,0x00000000c581a9c8,0x00000000cb980000)
 Metaspace       used 92507K, capacity 97962K, committed 98176K, reserved 1134592K
  class space    used 11749K, capacity 13074K, committed 13184K, reserved 1048576K
}
Event: 3465.800 GC heap before
{Heap before GC invocations=27 (full 3):
 PSYoungGen      total 236032K, used 235572K [0x00000000eab00000, 0x00000000fe800000, 0x0000000100000000)
  eden space 193536K, 100% used [0x00000000eab00000,0x00000000f6800000,0x00000000f6800000)
  from space 42496K, 98% used [0x00000000f6d80000,0x00000000f968d190,0x00000000f9700000)
  to   space 65536K, 0% used [0x00000000fa800000,0x00000000fa800000,0x00000000fe800000)
 ParOldGen       total 189952K, used 90218K [0x00000000c0000000, 0x00000000cb980000, 0x00000000eab00000)
  object space 189952K, 47% used [0x00000000c0000000,0x00000000c581a9c8,0x00000000cb980000)
 Metaspace       used 92905K, capacity 98534K, committed 98560K, reserved 1134592K
  class space    used 11795K, capacity 13164K, committed 13184K, reserved 1048576K
Event: 3465.824 GC heap after
Heap after GC invocations=27 (full 3):
 PSYoungGen      total 249856K, used 41299K [0x00000000eab00000, 0x00000000fe400000, 0x0000000100000000)
  eden space 188416K, 0% used [0x00000000eab00000,0x00000000eab00000,0x00000000f6300000)
  from space 61440K, 67% used [0x00000000fa800000,0x00000000fd054f50,0x00000000fe400000)
  to   space 66048K, 0% used [0x00000000f6300000,0x00000000f6300000,0x00000000fa380000)
 ParOldGen       total 189952K, used 90226K [0x00000000c0000000, 0x00000000cb980000, 0x00000000eab00000)
  object space 189952K, 47% used [0x00000000c0000000,0x00000000c581c9c8,0x00000000cb980000)
 Metaspace       used 92905K, capacity 98534K, committed 98560K, reserved 1134592K
  class space    used 11795K, capacity 13164K, committed 13184K, reserved 1048576K
}
Event: 3466.805 GC heap before
{Heap before GC invocations=28 (full 3):
 PSYoungGen      total 249856K, used 102313K [0x00000000eab00000, 0x00000000fe400000, 0x0000000100000000)
  eden space 188416K, 32% used [0x00000000eab00000,0x00000000ee695858,0x00000000f6300000)
  from space 61440K, 67% used [0x00000000fa800000,0x00000000fd054f50,0x00000000fe400000)
  to   space 66048K, 0% used [0x00000000f6300000,0x00000000f6300000,0x00000000fa380000)
 ParOldGen       total 189952K, used 90226K [0x00000000c0000000, 0x00000000cb980000, 0x00000000eab00000)
  object space 189952K, 47% used [0x00000000c0000000,0x00000000c581c9c8,0x00000000cb980000)
 Metaspace       used 92972K, capacity 98540K, committed 98560K, reserved 1134592K
  class space    used 11797K, capacity 13165K, committed 13184K, reserved 1048576K
Event: 3466.866 GC heap after
Heap after GC invocations=28 (full 3):
 PSYoungGen      total 254464K, used 43464K [0x00000000eab00000, 0x00000000ffb80000, 0x0000000100000000)
  eden space 188416K, 0% used [0x00000000eab00000,0x00000000eab00000,0x00000000f6300000)
  from space 66048K, 65% used [0x00000000f6300000,0x00000000f8d72218,0x00000000fa380000)
  to   space 67072K, 0% used [0x00000000fba00000,0x00000000fba00000,0x00000000ffb80000)
 ParOldGen       total 189952K, used 90234K [0x00000000c0000000, 0x00000000cb980000, 0x00000000eab00000)
  object space 189952K, 47% used [0x00000000c0000000,0x00000000c581e9c8,0x00000000cb980000)
 Metaspace       used 92972K, capacity 98540K, committed 98560K, reserved 1134592K
  class space    used 11797K, capacity 13165K, committed 13184K, reserved 1048576K
}
Event: 3466.866 GC heap before
{Heap before GC invocations=29 (full 4):
 PSYoungGen      total 254464K, used 43464K [0x00000000eab00000, 0x00000000ffb80000, 0x0000000100000000)
  eden space 188416K, 0% used [0x00000000eab00000,0x00000000eab00000,0x00000000f6300000)
  from space 66048K, 65% used [0x00000000f6300000,0x00000000f8d72218,0x00000000fa380000)
  to   space 67072K, 0% used [0x00000000fba00000,0x00000000fba00000,0x00000000ffb80000)
 ParOldGen       total 189952K, used 90234K [0x00000000c0000000, 0x00000000cb980000, 0x00000000eab00000)
  object space 189952K, 47% used [0x00000000c0000000,0x00000000c581e9c8,0x00000000cb980000)
 Metaspace       used 92972K, capacity 98540K, committed 98560K, reserved 1134592K
  class space    used 11797K, capacity 13165K, committed 13184K, reserved 1048576K

Deoptimization events (10 events):
Event: 3090.899 Thread 0x000000001fb4d000 Uncommon trap: reason=unstable_if action=reinterpret pc=0x000000000684af7c method=com.google.common.collect.Iterators.elementsEqual(Ljava/util/Iterator;Ljava/util/Iterator;)Z @ 39
Event: 3090.917 Thread 0x000000001fb42000 Uncommon trap: reason=array_check action=maybe_recompile pc=0x0000000006880670 method=java.util.TimSort.binarySort([Ljava/lang/Object;IIILjava/util/Comparator;)V @ 193
Event: 3452.696 Thread 0x000000001bf77000 Uncommon trap: reason=class_check action=maybe_recompile pc=0x0000000002a400c8 method=org.gradle.api.internal.artifacts.ivyservice.resolveengine.projectresult.ResolvedLocalComponentsResultGraphVisitor.visitNode(Lorg/gradle/api/internal/artifacts/ivyservic
Event: 3453.970 Thread 0x0000000026b20000 Uncommon trap: reason=class_check action=maybe_recompile pc=0x000000000588510c method=java.util.concurrent.ConcurrentHashMap.get(Ljava/lang/Object;)Ljava/lang/Object; @ 93
Event: 3455.779 Thread 0x0000000026b21800 Uncommon trap: reason=unstable_if action=reinterpret pc=0x0000000003032170 method=sun.security.util.Cache$EqualByteArray.hashCode()I @ 6
Event: 3465.289 Thread 0x000000001bf77000 Uncommon trap: reason=bimorphic action=maybe_recompile pc=0x0000000005bf6450 method=com.google.common.collect.ImmutableList.hashCode()I @ 23
Event: 3465.896 Thread 0x0000000026b1a800 Uncommon trap: reason=unstable_if action=reinterpret pc=0x00000000040332fc method=java.util.concurrent.locks.AbstractQueuedSynchronizer.enq(Ljava/util/concurrent/locks/AbstractQueuedSynchronizer$Node;)Ljava/util/concurrent/locks/AbstractQueuedSynchronizer
Event: 3466.299 Thread 0x000000001fb4e000 Uncommon trap: reason=unstable_if action=reinterpret pc=0x00000000059e2bc0 method=com.android.utils.PositionXmlParser.getPositionHelper(Lorg/w3c/dom/Node;II)Lcom/android/utils/PositionXmlParser$Position; @ 170
Event: 3466.324 Thread 0x000000001fb4e000 Uncommon trap: reason=unstable_if action=reinterpret pc=0x00000000045c1f18 method=sun.nio.fs.WindowsPath.compareTo(Ljava/nio/file/Path;)I @ 76
Event: 3466.324 Thread 0x000000001fb4e000 Uncommon trap: reason=unstable_if action=reinterpret pc=0x0000000006605298 method=sun.nio.fs.WindowsPathParser.isLetter(C)Z @ 15

Classes redefined (0 events):
No events

Internal exceptions (10 events):
Event: 3466.765 Thread 0x000000001fb42000 Exception <a 'sun/nio/fs/WindowsException'> (0x00000000ee5d5018) thrown at [D:\src\AOSP-openjdk-cygwin\jdk8u\hotspot\src\share\vm\prims\jni.cpp, line 709]
Event: 3466.765 Thread 0x000000001fb42000 Exception <a 'sun/nio/fs/WindowsException'> (0x00000000ee5d5b60) thrown at [D:\src\AOSP-openjdk-cygwin\jdk8u\hotspot\src\share\vm\prims\jni.cpp, line 709]
Event: 3466.765 Thread 0x000000001fb42000 Exception <a 'sun/nio/fs/WindowsException'> (0x00000000ee5d6c00) thrown at [D:\src\AOSP-openjdk-cygwin\jdk8u\hotspot\src\share\vm\prims\jni.cpp, line 709]
Event: 3466.765 Thread 0x000000001fb42000 Exception <a 'sun/nio/fs/WindowsException'> (0x00000000ee5d7508) thrown at [D:\src\AOSP-openjdk-cygwin\jdk8u\hotspot\src\share\vm\prims\jni.cpp, line 709]
Event: 3466.766 Thread 0x000000001fb42000 Exception <a 'sun/nio/fs/WindowsException'> (0x00000000ee5d85c0) thrown at [D:\src\AOSP-openjdk-cygwin\jdk8u\hotspot\src\share\vm\prims\jni.cpp, line 709]
Event: 3466.766 Thread 0x000000001fb42000 Exception <a 'sun/nio/fs/WindowsException'> (0x00000000ee5d8f00) thrown at [D:\src\AOSP-openjdk-cygwin\jdk8u\hotspot\src\share\vm\prims\jni.cpp, line 709]
Event: 3466.766 Thread 0x000000001fb42000 Exception <a 'sun/nio/fs/WindowsException'> (0x00000000ee5da0b8) thrown at [D:\src\AOSP-openjdk-cygwin\jdk8u\hotspot\src\share\vm\prims\jni.cpp, line 709]
Event: 3466.766 Thread 0x000000001fb42000 Exception <a 'sun/nio/fs/WindowsException'> (0x00000000ee5da9c0) thrown at [D:\src\AOSP-openjdk-cygwin\jdk8u\hotspot\src\share\vm\prims\jni.cpp, line 709]
Event: 3466.766 Thread 0x000000001fb42000 Exception <a 'sun/nio/fs/WindowsException'> (0x00000000ee5dbaa0) thrown at [D:\src\AOSP-openjdk-cygwin\jdk8u\hotspot\src\share\vm\prims\jni.cpp, line 709]
Event: 3466.766 Thread 0x000000001fb42000 Exception <a 'sun/nio/fs/WindowsException'> (0x00000000ee5dc3e0) thrown at [D:\src\AOSP-openjdk-cygwin\jdk8u\hotspot\src\share\vm\prims\jni.cpp, line 709]

Events (10 events):
Event: 3466.489 Thread 0x00000000171ee800 flushing nmethod 0x0000000004506d90
Event: 3466.496 Thread 0x00000000171ee800 flushing nmethod 0x0000000004b36e10
Event: 3466.497 Thread 0x00000000171ee800 flushing nmethod 0x0000000004d61210
Event: 3466.498 Thread 0x00000000171ee800 flushing nmethod 0x0000000004e58ed0
Event: 3466.498 Thread 0x00000000171ee800 flushing nmethod 0x0000000004e7ac50
Event: 3466.498 Thread 0x00000000171ee800 flushing nmethod 0x0000000004f21410
Event: 3466.500 Thread 0x00000000171ee800 flushing nmethod 0x0000000005278b90
Event: 3466.501 Thread 0x00000000171ee800 flushing nmethod 0x00000000053c4850
Event: 3466.522 Thread 0x00000000171ee800 flushing nmethod 0x0000000006791cd0
Event: 3466.805 Executing VM operation: CollectForMetadataAllocation


Dynamic libraries:
0x00007ff650670000 - 0x00007ff6506a1000 	D:\Program Files\Android\studio\jre\bin\java.exe
0x00007ffe46940000 - 0x00007ffe46b30000 	C:\WINDOWS\SYSTEM32\ntdll.dll
0x00007ffe44a00000 - 0x00007ffe44ab2000 	C:\WINDOWS\System32\KERNEL32.DLL
0x00007ffe43b70000 - 0x00007ffe43e13000 	C:\WINDOWS\System32\KERNELBASE.dll
0x00007ffe45660000 - 0x00007ffe45703000 	C:\WINDOWS\System32\ADVAPI32.dll
0x00007ffe46800000 - 0x00007ffe4689e000 	C:\WINDOWS\System32\msvcrt.dll
0x00007ffe463f0000 - 0x00007ffe46487000 	C:\WINDOWS\System32\sechost.dll
0x00007ffe45310000 - 0x00007ffe45430000 	C:\WINDOWS\System32\RPCRT4.dll
0x00007ffe44ba0000 - 0x00007ffe44d33000 	C:\WINDOWS\System32\USER32.dll
0x00007ffe44940000 - 0x00007ffe44961000 	C:\WINDOWS\System32\win32u.dll
0x00007ffe46760000 - 0x00007ffe46786000 	C:\WINDOWS\System32\GDI32.dll
0x00007ffe447a0000 - 0x00007ffe44934000 	C:\WINDOWS\System32\gdi32full.dll
0x00007ffe438d0000 - 0x00007ffe4396e000 	C:\WINDOWS\System32\msvcp_win.dll
0x00007ffe43e20000 - 0x00007ffe43f1a000 	C:\WINDOWS\System32\ucrtbase.dll
0x00007ffe31e70000 - 0x00007ffe320f5000 	C:\WINDOWS\WinSxS\amd64_microsoft.windows.common-controls_6595b64144ccf1df_6.0.18362.175_none_e6c3ab1f131014c9\COMCTL32.dll
0x00007ffe45830000 - 0x00007ffe45b66000 	C:\WINDOWS\System32\combase.dll
0x00007ffe43970000 - 0x00007ffe439f1000 	C:\WINDOWS\System32\bcryptPrimitives.dll
0x00007ffe46490000 - 0x00007ffe464be000 	C:\WINDOWS\System32\IMM32.DLL
0x0000000057910000 - 0x00000000579e2000 	D:\Program Files\Android\studio\jre\jre\bin\msvcr100.dll
0x00000000523f0000 - 0x0000000052c31000 	D:\Program Files\Android\studio\jre\jre\bin\server\jvm.dll
0x00007ffe44d40000 - 0x00007ffe44d48000 	C:\WINDOWS\System32\PSAPI.DLL
0x00007ffe401d0000 - 0x00007ffe401f4000 	C:\WINDOWS\SYSTEM32\WINMM.dll
0x00007ffe3eb40000 - 0x00007ffe3eb4a000 	C:\WINDOWS\SYSTEM32\VERSION.dll
0x00007ffe2e960000 - 0x00007ffe2e969000 	C:\WINDOWS\SYSTEM32\WSOCK32.dll
0x00007ffe46790000 - 0x00007ffe467ff000 	C:\WINDOWS\System32\WS2_32.dll
0x00007ffe40190000 - 0x00007ffe401bd000 	C:\WINDOWS\SYSTEM32\WINMMBASE.dll
0x00007ffe43fd0000 - 0x00007ffe4401a000 	C:\WINDOWS\System32\cfgmgr32.dll
0x00007ffe405b0000 - 0x00007ffe405bf000 	D:\Program Files\Android\studio\jre\jre\bin\verify.dll
0x00007ffe3f630000 - 0x00007ffe3f659000 	D:\Program Files\Android\studio\jre\jre\bin\java.dll
0x00007ffe3eef0000 - 0x00007ffe3ef06000 	D:\Program Files\Android\studio\jre\jre\bin\zip.dll
0x00007ffe45b70000 - 0x00007ffe46250000 	C:\WINDOWS\System32\SHELL32.dll
0x00007ffe45710000 - 0x00007ffe457b9000 	C:\WINDOWS\System32\shcore.dll
0x00007ffe44020000 - 0x00007ffe4479b000 	C:\WINDOWS\System32\windows.storage.dll
0x00007ffe43860000 - 0x00007ffe4387f000 	C:\WINDOWS\System32\profapi.dll
0x00007ffe43880000 - 0x00007ffe438ca000 	C:\WINDOWS\System32\powrprof.dll
0x00007ffe43810000 - 0x00007ffe43820000 	C:\WINDOWS\System32\UMPDC.dll
0x00007ffe46250000 - 0x00007ffe462a2000 	C:\WINDOWS\System32\shlwapi.dll
0x00007ffe43820000 - 0x00007ffe43831000 	C:\WINDOWS\System32\kernel.appcore.dll
0x00007ffe43a00000 - 0x00007ffe43a17000 	C:\WINDOWS\System32\cryptsp.dll
0x00007ffe3e7e0000 - 0x00007ffe3e7fa000 	D:\Program Files\Android\studio\jre\jre\bin\net.dll
0x00007ffe43080000 - 0x00007ffe430e7000 	C:\WINDOWS\system32\mswsock.dll
0x00007ffe3d760000 - 0x00007ffe3d771000 	D:\Program Files\Android\studio\jre\jre\bin\nio.dll
0x00007ffe10cc0000 - 0x00007ffe10cde000 	C:\Users\nima\.gradle\native\25\windows-amd64\native-platform.dll
0x00007ffe3fda0000 - 0x00007ffe3fdad000 	D:\Program Files\Android\studio\jre\jre\bin\management.dll
0x00007ffe42c40000 - 0x00007ffe42c73000 	C:\WINDOWS\system32\rsaenh.dll
0x00007ffe44970000 - 0x00007ffe44996000 	C:\WINDOWS\System32\bcrypt.dll
0x00007ffe43730000 - 0x00007ffe43755000 	C:\WINDOWS\SYSTEM32\USERENV.dll
0x00007ffe43250000 - 0x00007ffe4325c000 	C:\WINDOWS\SYSTEM32\CRYPTBASE.dll
0x00007ffe42de0000 - 0x00007ffe42e1a000 	C:\WINDOWS\SYSTEM32\IPHLPAPI.DLL
0x00007ffe44b90000 - 0x00007ffe44b98000 	C:\WINDOWS\System32\NSI.dll
0x00007ffe3a430000 - 0x00007ffe3a446000 	C:\WINDOWS\SYSTEM32\dhcpcsvc6.DLL
0x00007ffe3b750000 - 0x00007ffe3b76c000 	C:\WINDOWS\SYSTEM32\dhcpcsvc.DLL
0x00007ffe42e20000 - 0x00007ffe42eea000 	C:\WINDOWS\SYSTEM32\DNSAPI.dll
0x00007ffe3cf40000 - 0x00007ffe3cf64000 	D:\Program Files\Android\studio\jre\jre\bin\sunec.dll
0x00007ffe36c30000 - 0x00007ffe36c3a000 	C:\Windows\System32\rasadhlp.dll
0x00007ffe39ff0000 - 0x00007ffe3a067000 	C:\WINDOWS\System32\fwpuclnt.dll
0x00007ffe3f620000 - 0x00007ffe3f62b000 	D:\Program Files\Android\studio\jre\jre\bin\sunmscapi.dll
0x00007ffe43a20000 - 0x00007ffe43b69000 	C:\WINDOWS\System32\CRYPT32.dll
0x00007ffe43840000 - 0x00007ffe43852000 	C:\WINDOWS\System32\MSASN1.dll
0x00007ffe29ce0000 - 0x00007ffe29ed4000 	C:\WINDOWS\SYSTEM32\dbghelp.dll

VM Arguments:
jvm_args: -XX:+HeapDumpOnOutOfMemoryError -Xmx1024m -Dfile.encoding=windows-1252 -Duser.country=US -Duser.language=en -Duser.variant 
java_command: org.gradle.launcher.daemon.bootstrap.GradleDaemon 4.10.1
java_class_path (initial): C:\Users\nima\.gradle\wrapper\dists\gradle-4.10.1-all\455itskqi2qtf0v2sja68alqd\gradle-4.10.1\lib\gradle-launcher-4.10.1.jar
Launcher Type: SUN_STANDARD

Environment Variables:
JAVA_HOME=D:\Program Files\Java\jdk1.8.0_162
USERNAME=nima
OS=Windows_NT
PROCESSOR_IDENTIFIER=Intel64 Family 6 Model 60 Stepping 3, GenuineIntel



---------------  S Y S T E M  ---------------

OS: Windows 10.0 , 64 bit Build 18362 (10.0.18362.86)

CPU:total 8 (initial active 8) (4 cores per cpu, 2 threads per core) family 6 model 60 stepping 3, cmov, cx8, fxsr, mmx, sse, sse2, sse3, ssse3, sse4.1, sse4.2, popcnt, avx, avx2, aes, clmul, erms, lzcnt, ht, tsc, tscinvbit, bmi1, bmi2

Memory: 4k page, physical 12469296k(1335092k free), swap 18538792k(2726752k free)

vm_info: OpenJDK 64-Bit Server VM (25.152-b01) for windows-amd64 JRE (1.8.0_152-release-1343-b01), built by "builder" with MS VC++ 10.0 (VS2010)

time: Sat Jul 06 22:20:58 2019
elapsed time: 3466 seconds (0d 0h 57m 46s)

